\BOOKMARK [1][-]{section.1}{Models and assumptions}{}% 1
\BOOKMARK [1][-]{section.2}{Analysis of modeling assumptions and models }{}% 2
\BOOKMARK [2][-]{subsection.2.1}{Analysis Process}{section.2}% 3
\BOOKMARK [2][-]{subsection.2.2}{Monte Carlo Process and Statistical Analysis}{section.2}% 4
\BOOKMARK [1][-]{section.3}{Modeling of geophysical mass flows}{}% 5
\BOOKMARK [2][-]{subsection.3.1}{Overview of the models}{section.3}% 6
\BOOKMARK [3][-]{subsubsection.3.1.1}{Mohr-Coulomb}{subsection.3.1}% 7
\BOOKMARK [3][-]{subsubsection.3.1.2}{Pouliquen-Forterre}{subsection.3.1}% 8
\BOOKMARK [3][-]{subsubsection.3.1.3}{Voellmy-Salm}{subsection.3.1}% 9
\BOOKMARK [2][-]{subsection.3.2}{Contributing variables}{section.3}% 10
\BOOKMARK [1][-]{section.4}{Pyroclastic flow on the SW slope of Volc\341n de Colima}{}% 11
\BOOKMARK [2][-]{subsection.4.1}{Preliminary consistency testing of the input ranges}{section.4}% 12
\BOOKMARK [2][-]{subsection.4.2}{Exploring Flow Limits}{section.4}% 13
\BOOKMARK [2][-]{subsection.4.3}{Observable outputs}{section.4}% 14
\BOOKMARK [3][-]{subsubsection.4.3.1}{Flow height in six locations}{subsection.4.3}% 15
\BOOKMARK [2][-]{subsection.4.4}{Statistical analysis of contributing variables}{section.4}% 16
\BOOKMARK [3][-]{subsubsection.4.4.1}{Three locations proximal to the initial pile}{subsection.4.4}% 17
\BOOKMARK [3][-]{subsubsection.4.4.2}{Three locations distal from the initial pile}{subsection.4.4}% 18
\BOOKMARK [2][-]{subsection.4.5}{Flow extent and spatial integrals}{section.4}% 19
\BOOKMARK [2][-]{subsection.4.6}{Power integrals}{section.4}% 20
\BOOKMARK [2][-]{subsection.4.7}{Example of model performance calculation}{section.4}% 21
\BOOKMARK [1][-]{section.5}{Conclusions}{}% 22
